<?xml version="1.0" encoding="UTF-8"?>
<beans>

    <!-- this bean will be injected into the OrderServiceTest class -->
    <bean id="AdventurerDAO" class="com.erwa.servor.dao.AdventurerDAO">
        <!-- set properties, etc. -->
    </bean>

    <!-- other beans -->

</beans>